=== Resource Monitoring Started at 2025年11月15日 星期六 01時27分54秒 CST ===
Monitoring Yatagarasu proxy container...

[2025-11-15 01:27:54] CPU=0.22% MEM=20.5MiB NET=8.72GB / 8.77GB BLOCK=56.4MB / 0B PIDS=4
[2025-11-15 01:28:06] CPU=8.50% MEM=20.11MiB NET=9.36GB / 9.42GB BLOCK=56.4MB / 0B PIDS=4
[2025-11-15 01:28:17] CPU=10.50% MEM=20.11MiB NET=10.2GB / 10.3GB BLOCK=56.4MB / 0B PIDS=4
[2025-11-15 01:28:29] CPU=7.92% MEM=20.13MiB NET=11.2GB / 11.2GB BLOCK=56.4MB / 0B PIDS=4
[2025-11-15 01:28:40] CPU=12.11% MEM=17.09MiB NET=12GB / 12GB BLOCK=57.8MB / 0B PIDS=4
[2025-11-15 01:28:52] CPU=9.52% MEM=17.09MiB NET=12.8GB / 12.8GB BLOCK=57.8MB / 0B PIDS=4
[2025-11-15 01:29:04] CPU=7.52% MEM=17.09MiB NET=13.7GB / 13.7GB BLOCK=57.9MB / 0B PIDS=4
[2025-11-15 01:29:15] CPU=6.85% MEM=14.98MiB NET=14.6GB / 14.7GB BLOCK=57.9MB / 0B PIDS=4
[2025-11-15 01:29:27] CPU=10.29% MEM=17.96MiB NET=15.5GB / 15.6GB BLOCK=60.7MB / 0B PIDS=4
[2025-11-15 01:29:38] CPU=8.69% MEM=17.96MiB NET=16.3GB / 16.3GB BLOCK=60.7MB / 0B PIDS=4
[2025-11-15 01:29:50] CPU=9.44% MEM=17.98MiB NET=17.1GB / 17.1GB BLOCK=60.7MB / 0B PIDS=4
[2025-11-15 01:30:01] CPU=9.58% MEM=17.18MiB NET=17.8GB / 17.9GB BLOCK=61.8MB / 0B PIDS=4
[2025-11-15 01:30:13] CPU=4.52% MEM=17.18MiB NET=18.6GB / 18.7GB BLOCK=61.8MB / 0B PIDS=4
[2025-11-15 01:30:25] CPU=10.85% MEM=20.67MiB NET=19.6GB / 19.6GB BLOCK=65.3MB / 0B PIDS=4
[2025-11-15 01:30:36] CPU=11.41% MEM=20.66MiB NET=20.5GB / 20.5GB BLOCK=65.3MB / 0B PIDS=4
[2025-11-15 01:30:48] CPU=10.31% MEM=18.57MiB NET=21.3GB / 21.3GB BLOCK=66.8MB / 0B PIDS=4
[2025-11-15 01:30:59] CPU=5.04% MEM=19.65MiB NET=21.9GB / 22GB BLOCK=68.3MB / 0B PIDS=4
[2025-11-15 01:31:11] CPU=5.04% MEM=19.67MiB NET=22.7GB / 22.8GB BLOCK=68.3MB / 0B PIDS=4
[2025-11-15 01:31:22] CPU=8.29% MEM=19.67MiB NET=23.6GB / 23.6GB BLOCK=68.3MB / 0B PIDS=4
[2025-11-15 01:31:34] CPU=7.87% MEM=17.29MiB NET=24.5GB / 24.6GB BLOCK=70.1MB / 0B PIDS=4
[2025-11-15 01:31:46] CPU=11.03% MEM=17.29MiB NET=25.4GB / 25.4GB BLOCK=70.1MB / 0B PIDS=4
[2025-11-15 01:31:57] CPU=10.91% MEM=18.19MiB NET=26.2GB / 26.2GB BLOCK=71.4MB / 0B PIDS=4
[2025-11-15 01:32:09] CPU=8.47% MEM=18.18MiB NET=27.1GB / 27.1GB BLOCK=71.4MB / 0B PIDS=4
[2025-11-15 01:32:20] CPU=11.87% MEM=15.48MiB NET=27.8GB / 27.9GB BLOCK=71.4MB / 0B PIDS=4
[2025-11-15 01:32:32] CPU=10.21% MEM=18.38MiB NET=28.7GB / 28.8GB BLOCK=74.4MB / 0B PIDS=4
[2025-11-15 01:32:44] CPU=7.34% MEM=18.38MiB NET=29.7GB / 29.7GB BLOCK=74.4MB / 0B PIDS=4
[2025-11-15 01:32:55] CPU=6.84% MEM=18.66MiB NET=30.5GB / 30.6GB BLOCK=74.4MB / 0B PIDS=4
[2025-11-15 01:33:07] CPU=11.34% MEM=15.75MiB NET=31.4GB / 31.5GB BLOCK=74.4MB / 0B PIDS=4
[2025-11-15 01:33:18] CPU=10.51% MEM=15.75MiB NET=32.2GB / 32.3GB BLOCK=74.4MB / 0B PIDS=4
[2025-11-15 01:33:30] CPU=8.59% MEM=19.5MiB NET=33.1GB / 33.1GB BLOCK=78.4MB / 0B PIDS=4
[2025-11-15 01:33:42] CPU=9.71% MEM=19.5MiB NET=34.1GB / 34.1GB BLOCK=78.4MB / 0B PIDS=4
[2025-11-15 01:33:53] CPU=5.90% MEM=19.59MiB NET=34.9GB / 35GB BLOCK=81.4MB / 0B PIDS=4
[2025-11-15 01:34:05] CPU=9.25% MEM=19.59MiB NET=35.8GB / 35.8GB BLOCK=81.4MB / 0B PIDS=4
[2025-11-15 01:34:16] CPU=8.65% MEM=19.6MiB NET=36.6GB / 36.7GB BLOCK=81.4MB / 0B PIDS=4
[2025-11-15 01:34:28] CPU=9.87% MEM=19.6MiB NET=37.4GB / 37.4GB BLOCK=81.4MB / 0B PIDS=4
[2025-11-15 01:34:40] CPU=12.55% MEM=18.16MiB NET=38.3GB / 38.3GB BLOCK=83.8MB / 0B PIDS=4
[2025-11-15 01:34:51] CPU=13.67% MEM=18.16MiB NET=39GB / 39.1GB BLOCK=83.8MB / 0B PIDS=4
[2025-11-15 01:35:03] CPU=12.39% MEM=17.88MiB NET=39.9GB / 39.9GB BLOCK=83.9MB / 0B PIDS=4
[2025-11-15 01:35:14] CPU=12.35% MEM=17.9MiB NET=40.7GB / 40.8GB BLOCK=83.9MB / 0B PIDS=4
[2025-11-15 01:35:26] CPU=10.53% MEM=18.75MiB NET=41.7GB / 41.7GB BLOCK=87.9MB / 0B PIDS=4
[2025-11-15 01:35:37] CPU=6.50% MEM=18.75MiB NET=42.5GB / 42.5GB BLOCK=87.9MB / 0B PIDS=4
[2025-11-15 01:35:49] CPU=7.69% MEM=18.75MiB NET=43.3GB / 43.4GB BLOCK=87.9MB / 0B PIDS=4
[2025-11-15 01:36:01] CPU=7.95% MEM=19.6MiB NET=44GB / 44.1GB BLOCK=90.9MB / 0B PIDS=4
[2025-11-15 01:36:12] CPU=6.72% MEM=19.6MiB NET=44.9GB / 44.9GB BLOCK=90.9MB / 0B PIDS=4
[2025-11-15 01:36:24] CPU=13.03% MEM=20.42MiB NET=45.8GB / 45.8GB BLOCK=92.3MB / 0B PIDS=4
[2025-11-15 01:36:35] CPU=8.73% MEM=20.41MiB NET=46.6GB / 46.7GB BLOCK=92.3MB / 0B PIDS=4
[2025-11-15 01:36:47] CPU=8.05% MEM=16.5MiB NET=47.4GB / 47.5GB BLOCK=92.3MB / 0B PIDS=4
[2025-11-15 01:36:59] CPU=7.56% MEM=19.43MiB NET=48.3GB / 48.4GB BLOCK=95.3MB / 0B PIDS=4
[2025-11-15 01:37:10] CPU=12.68% MEM=19.43MiB NET=49.2GB / 49.2GB BLOCK=95.3MB / 0B PIDS=4
[2025-11-15 01:37:22] CPU=12.39% MEM=19.45MiB NET=50.1GB / 50.1GB BLOCK=95.3MB / 0B PIDS=4
[2025-11-15 01:37:33] CPU=7.57% MEM=16.13MiB NET=50.9GB / 50.9GB BLOCK=95.3MB / 0B PIDS=4
[2025-11-15 01:37:45] CPU=12.12% MEM=16.13MiB NET=51.8GB / 51.8GB BLOCK=95.3MB / 0B PIDS=4
[2025-11-15 01:37:57] CPU=8.79% MEM=15.95MiB NET=52.6GB / 52.7GB BLOCK=95.4MB / 0B PIDS=4
[2025-11-15 01:38:08] CPU=11.54% MEM=15.95MiB NET=53.5GB / 53.6GB BLOCK=95.4MB / 0B PIDS=4
[2025-11-15 01:38:20] CPU=9.08% MEM=14.85MiB NET=54.4GB / 54.4GB BLOCK=95.4MB / 0B PIDS=4
[2025-11-15 01:38:31] CPU=8.48% MEM=17.61MiB NET=55.2GB / 55.2GB BLOCK=98.5MB / 0B PIDS=4
[2025-11-15 01:38:43] CPU=16.14% MEM=17.53MiB NET=56.1GB / 56.2GB BLOCK=98.5MB / 0B PIDS=4
[2025-11-15 01:38:55] CPU=11.04% MEM=17.55MiB NET=56.9GB / 56.9GB BLOCK=98.5MB / 0B PIDS=4
[2025-11-15 01:39:06] CPU=13.56% MEM=19.16MiB NET=57.7GB / 57.8GB BLOCK=102MB / 0B PIDS=4
[2025-11-15 01:39:18] CPU=11.07% MEM=19.16MiB NET=58.6GB / 58.6GB BLOCK=102MB / 0B PIDS=4
[2025-11-15 01:39:29] CPU=11.65% MEM=20.41MiB NET=59.5GB / 59.5GB BLOCK=103MB / 0B PIDS=4
[2025-11-15 01:39:41] CPU=9.30% MEM=20.32MiB NET=60.2GB / 60.3GB BLOCK=103MB / 0B PIDS=4
[2025-11-15 01:39:53] CPU=10.45% MEM=16.8MiB NET=61.2GB / 61.2GB BLOCK=103MB / 0B PIDS=4
[2025-11-15 01:40:04] CPU=15.06% MEM=19.94MiB NET=62.1GB / 62.1GB BLOCK=107MB / 0B PIDS=4
[2025-11-15 01:40:16] CPU=8.69% MEM=19.94MiB NET=63GB / 63GB BLOCK=107MB / 0B PIDS=4
[2025-11-15 01:40:27] CPU=10.38% MEM=19.8MiB NET=63.9GB / 63.9GB BLOCK=107MB / 0B PIDS=4
[2025-11-15 01:40:39] CPU=9.85% MEM=15.7MiB NET=64.6GB / 64.7GB BLOCK=107MB / 0B PIDS=4
[2025-11-15 01:40:51] CPU=9.23% MEM=15.7MiB NET=65.6GB / 65.6GB BLOCK=107MB / 0B PIDS=4
[2025-11-15 01:41:02] CPU=9.38% MEM=18.06MiB NET=66.4GB / 66.5GB BLOCK=109MB / 0B PIDS=4
[2025-11-15 01:41:14] CPU=10.35% MEM=18MiB NET=67.2GB / 67.2GB BLOCK=109MB / 0B PIDS=4
[2025-11-15 01:41:25] CPU=12.83% MEM=17.94MiB NET=68.2GB / 68.3GB BLOCK=112MB / 0B PIDS=4
[2025-11-15 01:41:37] CPU=7.37% MEM=17.93MiB NET=69GB / 69GB BLOCK=112MB / 0B PIDS=4
[2025-11-15 01:41:49] CPU=9.75% MEM=17.93MiB NET=69.7GB / 69.7GB BLOCK=112MB / 0B PIDS=4
[2025-11-15 01:42:00] CPU=8.78% MEM=16.23MiB NET=70.4GB / 70.5GB BLOCK=112MB / 0B PIDS=4
[2025-11-15 01:42:12] CPU=10.64% MEM=16.22MiB NET=71.3GB / 71.3GB BLOCK=112MB / 0B PIDS=4
[2025-11-15 01:42:23] CPU=8.37% MEM=16.22MiB NET=72.1GB / 72.1GB BLOCK=112MB / 0B PIDS=4
[2025-11-15 01:42:35] CPU=6.64% MEM=16.33MiB NET=72.9GB / 72.9GB BLOCK=112MB / 0B PIDS=4
[2025-11-15 01:42:47] CPU=7.61% MEM=15.4MiB NET=73.7GB / 73.7GB BLOCK=112MB / 0B PIDS=4
[2025-11-15 01:42:58] CPU=8.41% MEM=22.79MiB NET=74.6GB / 74.7GB BLOCK=120MB / 0B PIDS=4
[2025-11-15 01:43:10] CPU=7.57% MEM=22.77MiB NET=75.2GB / 75.3GB BLOCK=120MB / 0B PIDS=4
[2025-11-15 01:43:21] CPU=8.86% MEM=22.77MiB NET=76.2GB / 76.2GB BLOCK=120MB / 0B PIDS=4
[2025-11-15 01:43:33] CPU=9.79% MEM=18.59MiB NET=77.2GB / 77.2GB BLOCK=120MB / 0B PIDS=4
[2025-11-15 01:44:13] CPU=12.81% MEM=18.58MiB NET=78.1GB / 78.1GB BLOCK=120MB / 0B PIDS=4
[2025-11-15 01:44:25] CPU=12.28% MEM=18.62MiB NET=78.9GB / 78.9GB BLOCK=120MB / 0B PIDS=4
[2025-11-15 01:44:36] CPU=7.24% MEM=18.62MiB NET=79.9GB / 79.9GB BLOCK=120MB / 0B PIDS=4
[2025-11-15 01:44:48] CPU=9.15% MEM=17.89MiB NET=80.7GB / 80.7GB BLOCK=123MB / 0B PIDS=4
[2025-11-15 01:59:43] CPU=8.41% MEM=19.12MiB NET=81.6GB / 81.6GB BLOCK=124MB / 0B PIDS=4
[2025-11-15 01:59:54] CPU=41.00% MEM=68.58MiB NET=82GB / 82GB BLOCK=134MB / 0B PIDS=4
[2025-11-15 02:33:55] CPU=10.68% MEM=68.58MiB NET=82.7GB / 82.7GB BLOCK=134MB / 0B PIDS=4
[2025-11-15 02:34:07] CPU=11.31% MEM=59.36MiB NET=83.6GB / 83.7GB BLOCK=134MB / 0B PIDS=4
[2025-11-15 02:34:18] CPU=9.45% MEM=59.4MiB NET=84.4GB / 84.5GB BLOCK=134MB / 0B PIDS=4
[2025-11-15 02:34:30] CPU=6.51% MEM=59.4MiB NET=85.3GB / 85.3GB BLOCK=134MB / 0B PIDS=4
[2025-11-15 02:34:42] CPU=6.93% MEM=59.4MiB NET=86.3GB / 86.3GB BLOCK=134MB / 0B PIDS=4
[2025-11-15 02:34:53] CPU=9.65% MEM=66.98MiB NET=87GB / 87.1GB BLOCK=141MB / 0B PIDS=4
[2025-11-15 02:35:05] CPU=9.98% MEM=67MiB NET=87.7GB / 87.8GB BLOCK=141MB / 0B PIDS=4
[2025-11-15 02:35:16] CPU=7.87% MEM=67.06MiB NET=88.6GB / 88.6GB BLOCK=141MB / 0B PIDS=4
[2025-11-15 02:35:28] CPU=10.62% MEM=60.03MiB NET=89.5GB / 89.5GB BLOCK=141MB / 0B PIDS=4
[2025-11-15 02:35:40] CPU=10.41% MEM=60.03MiB NET=90.2GB / 90.2GB BLOCK=141MB / 0B PIDS=4
[2025-11-15 02:35:51] CPU=13.51% MEM=59.75MiB NET=91.3GB / 91.3GB BLOCK=141MB / 0B PIDS=4
[2025-11-15 02:36:03] CPU=11.62% MEM=59.75MiB NET=92GB / 92.1GB BLOCK=141MB / 0B PIDS=4
[2025-11-15 02:36:14] CPU=8.17% MEM=66.35MiB NET=92.9GB / 92.9GB BLOCK=148MB / 0B PIDS=4
[2025-11-15 02:36:26] CPU=13.41% MEM=66.35MiB NET=93.6GB / 93.6GB BLOCK=148MB / 0B PIDS=4
[2025-11-15 02:36:37] CPU=10.72% MEM=66.35MiB NET=94.6GB / 94.6GB BLOCK=148MB / 0B PIDS=4
[2025-11-15 02:36:49] CPU=8.74% MEM=66.07MiB NET=95.5GB / 95.5GB BLOCK=148MB / 0B PIDS=4
[2025-11-15 02:37:01] CPU=11.88% MEM=61.66MiB NET=96.4GB / 96.4GB BLOCK=149MB / 0B PIDS=4
[2025-11-15 02:37:12] CPU=10.93% MEM=61.66MiB NET=97.2GB / 97.2GB BLOCK=149MB / 0B PIDS=4
[2025-11-15 02:37:24] CPU=12.34% MEM=62.39MiB NET=98.1GB / 98.2GB BLOCK=150MB / 0B PIDS=4
[2025-11-15 02:37:35] CPU=12.00% MEM=62.39MiB NET=99GB / 99.1GB BLOCK=150MB / 0B PIDS=4
[2025-11-15 02:37:47] CPU=7.61% MEM=64.61MiB NET=99.9GB / 100GB BLOCK=155MB / 0B PIDS=4
[2025-11-15 02:37:59] CPU=8.45% MEM=64.61MiB NET=101GB / 101GB BLOCK=155MB / 0B PIDS=4
[2025-11-15 02:38:10] CPU=8.01% MEM=64.61MiB NET=102GB / 102GB BLOCK=155MB / 0B PIDS=4
[2025-11-15 02:38:22] CPU=7.36% MEM=64.62MiB NET=103GB / 103GB BLOCK=155MB / 0B PIDS=4
[2025-11-15 02:38:33] CPU=11.00% MEM=59.13MiB NET=103GB / 103GB BLOCK=155MB / 0B PIDS=4
[2025-11-15 02:38:45] CPU=8.54% MEM=60.2MiB NET=104GB / 104GB BLOCK=156MB / 0B PIDS=4
[2025-11-15 02:38:57] CPU=12.36% MEM=60.2MiB NET=105GB / 105GB BLOCK=156MB / 0B PIDS=4
[2025-11-15 02:39:08] CPU=5.16% MEM=60.2MiB NET=106GB / 106GB BLOCK=156MB / 0B PIDS=4
[2025-11-15 02:39:20] CPU=9.66% MEM=64.81MiB NET=107GB / 107GB BLOCK=162MB / 0B PIDS=4
[2025-11-15 02:39:31] CPU=8.29% MEM=64.81MiB NET=108GB / 108GB BLOCK=162MB / 0B PIDS=4
[2025-11-15 02:39:43] CPU=6.36% MEM=64.81MiB NET=109GB / 109GB BLOCK=162MB / 0B PIDS=4
[2025-11-15 02:39:54] CPU=10.85% MEM=64.64MiB NET=110GB / 110GB BLOCK=162MB / 0B PIDS=4
[2025-11-15 02:40:06] CPU=6.95% MEM=59.27MiB NET=110GB / 110GB BLOCK=162MB / 0B PIDS=4
[2025-11-15 02:40:18] CPU=6.56% MEM=62.09MiB NET=111GB / 111GB BLOCK=165MB / 0B PIDS=4
[2025-11-15 02:40:29] CPU=8.32% MEM=62.09MiB NET=112GB / 112GB BLOCK=165MB / 0B PIDS=4
[2025-11-15 02:40:41] CPU=12.31% MEM=62.09MiB NET=113GB / 113GB BLOCK=165MB / 0B PIDS=4
[2025-11-15 02:40:52] CPU=6.33% MEM=65.96MiB NET=114GB / 114GB BLOCK=170MB / 0B PIDS=4
[2025-11-15 02:41:04] CPU=7.75% MEM=65.96MiB NET=114GB / 114GB BLOCK=170MB / 0B PIDS=4
[2025-11-15 02:41:16] CPU=8.87% MEM=65.94MiB NET=115GB / 115GB BLOCK=170MB / 0B PIDS=4
[2025-11-15 02:41:27] CPU=7.09% MEM=59.46MiB NET=116GB / 116GB BLOCK=170MB / 0B PIDS=4
[2025-11-15 02:41:39] CPU=5.69% MEM=59.46MiB NET=117GB / 117GB BLOCK=170MB / 0B PIDS=4
[2025-11-15 02:41:50] CPU=9.09% MEM=61.2MiB NET=118GB / 118GB BLOCK=171MB / 0B PIDS=4
[2025-11-15 02:42:02] CPU=7.77% MEM=61.2MiB NET=119GB / 119GB BLOCK=171MB / 0B PIDS=4
[2025-11-15 02:42:14] CPU=7.91% MEM=65MiB NET=119GB / 119GB BLOCK=177MB / 0B PIDS=4
[2025-11-15 02:42:25] CPU=10.84% MEM=65MiB NET=120GB / 120GB BLOCK=177MB / 0B PIDS=4
[2025-11-15 02:42:37] CPU=11.91% MEM=65MiB NET=121GB / 121GB BLOCK=177MB / 0B PIDS=4
[2025-11-15 02:42:48] CPU=9.04% MEM=65.1MiB NET=122GB / 122GB BLOCK=177MB / 0B PIDS=4
[2025-11-15 02:43:00] CPU=12.11% MEM=59.67MiB NET=123GB / 123GB BLOCK=177MB / 0B PIDS=4
[2025-11-15 02:43:11] CPU=0.15% MEM=59.67MiB NET=124GB / 124GB BLOCK=177MB / 0B PIDS=4
[2025-11-15 02:43:23] CPU=0.17% MEM=60.04MiB NET=124GB / 124GB BLOCK=180MB / 0B PIDS=4
[2025-11-15 02:43:35] CPU=0.14% MEM=60.04MiB NET=124GB / 124GB BLOCK=180MB / 0B PIDS=4
[2025-11-15 02:43:46] CPU=0.15% MEM=63.86MiB NET=124GB / 124GB BLOCK=185MB / 0B PIDS=4
[2025-11-15 02:43:58] CPU=0.14% MEM=63.86MiB NET=124GB / 124GB BLOCK=185MB / 0B PIDS=4
[2025-11-15 02:44:09] CPU=0.14% MEM=63.86MiB NET=124GB / 124GB BLOCK=185MB / 0B PIDS=4
[2025-11-15 02:44:21] CPU=0.15% MEM=63.77MiB NET=124GB / 124GB BLOCK=185MB / 0B PIDS=4
[2025-11-15 02:44:33] CPU=0.16% MEM=56.86MiB NET=124GB / 124GB BLOCK=185MB / 0B PIDS=4
[2025-11-15 02:44:44] CPU=1.85% MEM=58.39MiB NET=124GB / 124GB BLOCK=187MB / 0B PIDS=4
[2025-11-15 02:44:56] CPU=0.15% MEM=58.38MiB NET=124GB / 124GB BLOCK=187MB / 0B PIDS=4
[2025-11-15 02:45:07] CPU=0.14% MEM=58.38MiB NET=124GB / 124GB BLOCK=187MB / 0B PIDS=4
[2025-11-15 02:45:19] CPU=0.13% MEM=62.31MiB NET=124GB / 124GB BLOCK=193MB / 0B PIDS=4
[2025-11-15 02:45:31] CPU=0.17% MEM=62.31MiB NET=124GB / 124GB BLOCK=193MB / 0B PIDS=4
[2025-11-15 02:45:42] CPU=0.13% MEM=62.31MiB NET=124GB / 124GB BLOCK=193MB / 0B PIDS=4
[2025-11-15 02:45:54] CPU=0.13% MEM=62.59MiB NET=124GB / 124GB BLOCK=193MB / 0B PIDS=4
[2025-11-15 02:46:05] CPU=0.16% MEM=57.83MiB NET=124GB / 124GB BLOCK=193MB / 0B PIDS=4
[2025-11-15 02:46:17] CPU=0.14% MEM=61.07MiB NET=124GB / 124GB BLOCK=197MB / 0B PIDS=4
[2025-11-15 02:46:29] CPU=0.13% MEM=61.07MiB NET=124GB / 124GB BLOCK=197MB / 0B PIDS=4
[2025-11-15 02:46:40] CPU=0.14% MEM=61.07MiB NET=124GB / 124GB BLOCK=197MB / 0B PIDS=4
[2025-11-15 02:46:52] CPU=0.14% MEM=63.33MiB NET=124GB / 124GB BLOCK=202MB / 0B PIDS=4
[2025-11-15 02:47:03] CPU=0.15% MEM=63.33MiB NET=124GB / 124GB BLOCK=202MB / 0B PIDS=4
[2025-11-15 02:47:15] CPU=0.15% MEM=63.24MiB NET=124GB / 124GB BLOCK=202MB / 0B PIDS=4
[2025-11-15 02:47:27] CPU=0.16% MEM=63.24MiB NET=124GB / 124GB BLOCK=202MB / 0B PIDS=4
[2025-11-15 02:47:38] CPU=0.13% MEM=56.76MiB NET=124GB / 124GB BLOCK=202MB / 0B PIDS=4
[2025-11-15 02:47:50] CPU=0.13% MEM=58.37MiB NET=124GB / 124GB BLOCK=204MB / 0B PIDS=4
[2025-11-15 02:48:01] CPU=0.27% MEM=58.37MiB NET=124GB / 124GB BLOCK=204MB / 0B PIDS=4
[2025-11-15 02:48:13] CPU=0.27% MEM=56.79MiB NET=124GB / 124GB BLOCK=204MB / 0B PIDS=4
[2025-11-15 02:48:25] CPU=0.13% MEM=62.25MiB NET=124GB / 124GB BLOCK=210MB / 0B PIDS=4
[2025-11-15 02:48:36] CPU=0.14% MEM=62.25MiB NET=124GB / 124GB BLOCK=210MB / 0B PIDS=4
[2025-11-15 02:48:48] CPU=0.13% MEM=62.08MiB NET=124GB / 124GB BLOCK=210MB / 0B PIDS=4
[2025-11-15 02:48:59] CPU=0.23% MEM=56.82MiB NET=124GB / 124GB BLOCK=210MB / 0B PIDS=4
[2025-11-15 02:49:11] CPU=0.14% MEM=56.82MiB NET=124GB / 124GB BLOCK=210MB / 0B PIDS=4
[2025-11-15 02:49:23] CPU=0.17% MEM=60.17MiB NET=124GB / 124GB BLOCK=214MB / 0B PIDS=4
[2025-11-15 02:49:34] CPU=0.14% MEM=60.17MiB NET=124GB / 124GB BLOCK=214MB / 0B PIDS=4
[2025-11-15 02:49:46] CPU=0.12% MEM=63.44MiB NET=124GB / 124GB BLOCK=220MB / 0B PIDS=4
[2025-11-15 02:49:57] CPU=0.12% MEM=63.44MiB NET=124GB / 124GB BLOCK=220MB / 0B PIDS=4
[2025-11-15 02:50:09] CPU=0.13% MEM=63.44MiB NET=124GB / 124GB BLOCK=220MB / 0B PIDS=4
[2025-11-15 02:50:21] CPU=0.13% MEM=63.71MiB NET=124GB / 124GB BLOCK=220MB / 0B PIDS=4
[2025-11-15 02:50:32] CPU=0.16% MEM=56.78MiB NET=124GB / 124GB BLOCK=220MB / 0B PIDS=4
[2025-11-15 02:50:44] CPU=0.13% MEM=56.78MiB NET=124GB / 124GB BLOCK=220MB / 0B PIDS=4
[2025-11-15 02:50:55] CPU=0.13% MEM=58.34MiB NET=124GB / 124GB BLOCK=222MB / 0B PIDS=4
[2025-11-15 02:51:07] CPU=0.14% MEM=58.34MiB NET=124GB / 124GB BLOCK=222MB / 0B PIDS=4
[2025-11-15 02:51:19] CPU=0.14% MEM=61.62MiB NET=124GB / 124GB BLOCK=227MB / 0B PIDS=4
[2025-11-15 02:51:30] CPU=0.13% MEM=61.62MiB NET=124GB / 124GB BLOCK=227MB / 0B PIDS=4
[2025-11-15 02:51:42] CPU=0.15% MEM=61.62MiB NET=124GB / 124GB BLOCK=227MB / 0B PIDS=4
[2025-11-15 02:51:53] CPU=0.17% MEM=61.82MiB NET=124GB / 124GB BLOCK=227MB / 0B PIDS=4
[2025-11-15 02:52:05] CPU=0.14% MEM=56.64MiB NET=124GB / 124GB BLOCK=227MB / 0B PIDS=4
[2025-11-15 02:52:17] CPU=0.12% MEM=60.66MiB NET=124GB / 124GB BLOCK=231MB / 0B PIDS=4
[2025-11-15 02:52:28] CPU=0.13% MEM=60.65MiB NET=124GB / 124GB BLOCK=231MB / 0B PIDS=4
[2025-11-15 02:52:40] CPU=0.13% MEM=60.65MiB NET=124GB / 124GB BLOCK=231MB / 0B PIDS=4
[2025-11-15 02:53:17] CPU=0.22% MEM=64.44MiB NET=124GB / 124GB BLOCK=237MB / 0B PIDS=4
[2025-11-15 02:53:29] CPU=0.17% MEM=64.41MiB NET=124GB / 124GB BLOCK=237MB / 0B PIDS=4
[2025-11-15 02:53:40] CPU=1.64% MEM=64.36MiB NET=124GB / 124GB BLOCK=237MB / 0B PIDS=4
[2025-11-15 02:53:52] CPU=0.14% MEM=64.36MiB NET=124GB / 124GB BLOCK=237MB / 0B PIDS=4
[2025-11-15 02:54:04] CPU=0.70% MEM=57.03MiB NET=124GB / 124GB BLOCK=237MB / 0B PIDS=4
[2025-11-15 03:09:53] CPU=0.72% MEM=66.13MiB NET=124GB / 124GB BLOCK=247MB / 0B PIDS=4
[2025-11-15 08:17:27] CPU=0.28% MEM=66.11MiB NET=124GB / 124GB BLOCK=247MB / 0B PIDS=4
[2025-11-15 08:17:39] CPU=0.26% MEM=66.05MiB NET=124GB / 124GB BLOCK=247MB / 0B PIDS=4
[2025-11-15 08:17:50] CPU=0.16% MEM=56.63MiB NET=124GB / 124GB BLOCK=247MB / 0B PIDS=4
